<?xml version="1.0" encoding="UTF-8"?>
<!-- Generated by org.testng.reporters.JUnitXMLReporter -->
<testsuite hostname="srihith-PC" ignored="0" name="edgetest" tests="5" failures="1" timestamp="2020-08-14T01:12:09 EDT" time="71.978" errors="0">
  <testcase name="logintest" time="11.614" classname="com.nopcommerce.testCases.TC_LoginTest_001"/>
  <testcase name="logintest" time="18.704" classname="com.nopcommerce.testCases.TC_LoginDDT_002"/>
  <testcase name="logintest" time="5.996" classname="com.nopcommerce.testCases.TC_LoginDDT_002"/>
  <testcase name="logintest" time="5.906" classname="com.nopcommerce.testCases.TC_LoginDDT_002"/>
  <testcase name="logintest" time="0.349" classname="com.nopcommerce.testCases.TC_LoginDDT_002">
    <failure type="java.lang.IllegalArgumentException" message="Keys to send should be a not null CharSequence">
      <![CDATA[java.lang.IllegalArgumentException: Keys to send should be a not null CharSequence
at org.openqa.selenium.remote.RemoteWebElement.sendKeys(RemoteWebElement.java:100)
at org.openqa.selenium.support.pagefactory.internal.LocatingElementHandler.invoke(LocatingElementHandler.java:52)
at com.sun.proxy.$Proxy32.sendKeys(Unknown Source)
at com.nopcommerce.pageObject.LoginPage.setUserName(LoginPage.java:38)
at com.nopcommerce.testCases.TC_LoginDDT_002.logintest(TC_LoginDDT_002.java:21)
at java.util.ArrayList.forEach(Unknown Source)
at java.util.concurrent.FutureTask.run(Unknown Source)
at java.util.concurrent.ThreadPoolExecutor.runWorker(Unknown Source)
at java.util.concurrent.ThreadPoolExecutor$Worker.run(Unknown Source)
at java.lang.Thread.run(Unknown Source)
... Removed 22 stack frames]]>
    </failure>
  </testcase> <!-- logintest -->
</testsuite> <!-- edgetest -->
