<?xml version="1.0" encoding="UTF-8"?>
<!-- Generated by org.testng.reporters.JUnitXMLReporter -->
<testsuite hostname="srihith-PC" ignored="0" name="firefoxtest" tests="2" failures="0" timestamp="2020-08-13T01:04:32 EDT" time="28.4" errors="0">
  <testcase name="logintest" time="0.001" classname="com.nopcommerce.testCases.TC_LoginTest_001">
    <skipped/>
  </testcase> <!-- logintest -->
  <testcase name="logintest" time="7.421" classname="com.nopcommerce.testCases.TC_LoginTest_001"/>
</testsuite> <!-- firefoxtest -->
