<?xml version="1.0" encoding="UTF-8"?>
<testsuite xmlns:xsi="http://www.w3.org/2001/XMLSchema-instance" xsi:noNamespaceSchemaLocation="https://maven.apache.org/surefire/maven-surefire-plugin/xsd/surefire-test-report-3.0.xsd" version="3.0" name="TestSuite" time="112.202" tests="4" errors="0" skipped="0" failures="0">
  <properties>
[...]
</properties>
  <testcase name="logintest" classname="com.nopcommerce.testCases.TC_LoginTest_001" time="64.323"/>
  <testcase name="searchCustomerbyEmail" classname="com.nopcommerce.testCases.TC_SearchCustomerByEmail_004" time="66.977"/>
  <testcase name="searchCustomerbyName" classname="com.nopcommerce.testCases.TC_SearchCustomerByName_005" time="71.918"/>
  <testcase name="addNewCustomer" classname="com.nopcommerce.testCases.TC_AddCustomerTest_003" time="94.3"/>
</testsuite>