<?xml version="1.0" encoding="UTF-8"?>
<testng-results skipped="0" failed="0" ignored="0" total="1" passed="1">
  <reporter-output>
  </reporter-output>
  <suite name="nopCommerce Master Suite" duration-ms="22326" started-at="2020-08-18T20:37:00 EDT" finished-at="2020-08-18T20:37:22 EDT">
    <groups>
    </groups>
    <test name="TC_SearchCustomerByName_005" duration-ms="22326" started-at="2020-08-18T20:37:00 EDT" finished-at="2020-08-18T20:37:22 EDT">
      <class name="com.nopcommerce.testCases.TC_SearchCustomerByName_005">
        <test-method status="PASS" signature="setup(java.lang.String)[pri:0, instance:com.nopcommerce.testCases.TC_SearchCustomerByName_005@44a7bfbc]" name="setup" is-config="true" duration-ms="8035" started-at="2020-08-18T20:37:00 EDT" finished-at="2020-08-18T20:37:08 EDT">
          <params>
            <param index="0">
              <value>
                <![CDATA[chrome]]>
              </value>
            </param>
          </params>
          <reporter-output>
          </reporter-output>
        </test-method> <!-- setup -->
        <test-method status="PASS" signature="searchCustomerbyName()[pri:0, instance:com.nopcommerce.testCases.TC_SearchCustomerByName_005@44a7bfbc]" name="searchCustomerbyName" duration-ms="13205" started-at="2020-08-18T20:37:08 EDT" finished-at="2020-08-18T20:37:21 EDT">
          <reporter-output>
          </reporter-output>
        </test-method> <!-- searchCustomerbyName -->
        <test-method status="PASS" signature="teardown()[pri:0, instance:com.nopcommerce.testCases.TC_SearchCustomerByName_005@44a7bfbc]" name="teardown" is-config="true" duration-ms="838" started-at="2020-08-18T20:37:21 EDT" finished-at="2020-08-18T20:37:22 EDT">
          <reporter-output>
          </reporter-output>
        </test-method> <!-- teardown -->
      </class> <!-- com.nopcommerce.testCases.TC_SearchCustomerByName_005 -->
    </test> <!-- TC_SearchCustomerByName_005 -->
  </suite> <!-- nopCommerce Master Suite -->
</testng-results>
