<?xml version="1.0" encoding="UTF-8"?>
<!-- Generated by org.testng.reporters.JUnitXMLReporter -->
<testsuite hostname="srihith-PC" ignored="0" name="TC_SearchCustomerByName_005" tests="3" failures="0" timestamp="2020-08-19T00:05:46 EDT" time="89.372" errors="0">
  <testcase name="logintest" time="66.007" classname="com.nopcommerce.testCases.TC_LoginTest_001"/>
  <testcase name="searchCustomerbyEmail" time="66.987" classname="com.nopcommerce.testCases.TC_SearchCustomerByEmail_004"/>
  <testcase name="searchCustomerbyName" time="71.899" classname="com.nopcommerce.testCases.TC_SearchCustomerByName_005"/>
</testsuite> <!-- TC_SearchCustomerByName_005 -->
